[debug] [2021-02-17T12:26:07.669Z] ----------------------------------------------------------------------
[debug] [2021-02-17T12:26:07.671Z] Command:       /usr/local/bin/node /usr/local/bin/firebase init
[debug] [2021-02-17T12:26:07.671Z] CLI Version:   9.4.0
[debug] [2021-02-17T12:26:07.671Z] Platform:      darwin
[debug] [2021-02-17T12:26:07.671Z] Node Version:  v15.8.0
[debug] [2021-02-17T12:26:07.672Z] Time:          Wed Feb 17 2021 13:26:07 GMT+0100 (Central European Standard Time)
[debug] [2021-02-17T12:26:07.672Z] ----------------------------------------------------------------------
[debug] [2021-02-17T12:26:07.673Z] 
[debug] [2021-02-17T12:26:07.676Z] > command requires scopes: ["email","openid","https://www.googleapis.com/auth/cloudplatformprojects.readonly","https://www.googleapis.com/auth/firebase","https://www.googleapis.com/auth/cloud-platform"]
[debug] [2021-02-17T12:26:07.677Z] > authorizing via signed-in user
[info] 
     ######## #### ########  ######## ########     ###     ######  ########
     ##        ##  ##     ## ##       ##     ##  ##   ##  ##       ##
     ######    ##  ########  ######   ########  #########  ######  ######
     ##        ##  ##    ##  ##       ##     ## ##     ##       ## ##
     ##       #### ##     ## ######## ########  ##     ##  ######  ########

You're about to initialize a Firebase project in this directory:

  /Users/teodorjonasson/Desktop/Semester_4/angularWebsite

[info] 
=== Project Setup
[info] 
[info] First, let's associate this project directory with a Firebase project.
[info] You can create multiple project aliases by running firebase use --add, 
[info] but for now we'll just set up a default project.
[info] 
[debug] [2021-02-17T12:27:18.816Z] >>> [apiv2][query] GET https://firebase.googleapis.com/v1beta1/projects pageSize=100
[debug] [2021-02-17T12:27:19.218Z] <<< [apiv2][status] GET https://firebase.googleapis.com/v1beta1/projects 200
[debug] [2021-02-17T12:27:19.218Z] <<< [apiv2][body] GET https://firebase.googleapis.com/v1beta1/projects [omitted]
[info] i  Using project agree-consulting (agree consulting) 
[info] 
=== Hosting Setup
[info] 
[info] Your public directory is the folder (relative to your project directory) that
[info] will contain Hosting assets to be uploaded with firebase deploy. If you
[info] have a build process for your assets, use your build's output directory.
[info] 
[debug] [2021-02-17T12:29:51.486Z] >>> [apiv2][query] GET https://www.gstatic.com/firebasejs/releases.json [none]
[debug] [2021-02-17T12:29:51.568Z] <<< [apiv2][status] GET https://www.gstatic.com/firebasejs/releases.json 200
[debug] [2021-02-17T12:29:51.568Z] <<< [apiv2][body] GET https://www.gstatic.com/firebasejs/releases.json {"current":{"version":"8.2.7","browserURL":"https://www.gstatic.com/firebasejs/8.2.7/firebase.js","packageURL":"https://www.gstatic.com/firebasejs/8.2.7/firebase.tgz"},"live":{"version":"8.2","browserURL":"https://www.gstatic.com/firebasejs/live/8.2/firebase.js","packageURL":"https://www.gstatic.com/firebasejs/live/8.2/firebase.tgz"},"components":{"analytics":"https://www.gstatic.com/firebasejs/8.2.7/firebase-analytics.js","app":"https://www.gstatic.com/firebasejs/8.2.7/firebase-app.js","auth":"https://www.gstatic.com/firebasejs/8.2.7/firebase-auth.js","database":"https://www.gstatic.com/firebasejs/8.2.7/firebase-database.js","firestore":"https://www.gstatic.com/firebasejs/8.2.7/firebase-firestore.js","functions":"https://www.gstatic.com/firebasejs/8.2.7/firebase-functions.js","installations":"https://www.gstatic.com/firebasejs/8.2.7/firebase-installations.js","messaging":"https://www.gstatic.com/firebasejs/8.2.7/firebase-messaging.js","storage":"https://www.gstatic.com/firebasejs/8.2.7/firebase-storage.js","performance":"https://www.gstatic.com/firebasejs/8.2.7/firebase-performance.js","remote-config":"https://www.gstatic.com/firebasejs/8.2.7/firebase-remote-config.js","firestore.memory":"https://www.gstatic.com/firebasejs/8.2.7/firebase-firestore.memory.js"}}
[info] ✔  Wrote dist/index.html 
[info] 
[info] i  Detected a .git folder at /Users/teodorjonasson/Desktop/Semester_4/angularWebsite 
[info] i  Authorizing with GitHub to upload your service account to a GitHub repository's secrets store. 
[info] 
[info] Visit this URL on this device to log in:
[info] https://github.com/login/oauth/authorize?client_id=89cf50f02ac6aaed3484&state=217187066&redirect_uri=http%3A%2F%2Flocalhost%3A9005&scope=read%3Auser%20repo%20public_repo
[info] 
[info] Waiting for authentication...
[debug] [2021-02-17T12:30:03.412Z] >>> HTTP REQUEST POST https://github.com/login/oauth/access_token  
 {"client_id":"89cf50f02ac6aaed3484","client_secret":"3330d14abc895d9a74d5f17cd7a00711fa2c5bf0","code":"c8ea6549204d38e0be9e","redirect_uri":"http://localhost:9005","state":"217187066"}
[debug] [2021-02-17T12:30:03.636Z] <<< HTTP RESPONSE 200 {"server":"GitHub.com","date":"Wed, 17 Feb 2021 12:30:03 GMT","content-type":"application/json; charset=utf-8","vary":"X-PJAX, Accept-Encoding, Accept, X-Requested-With","etag":"W/\"9656643301d1ea3cd7f380f1a20ac27f\"","cache-control":"max-age=0, private, must-revalidate","strict-transport-security":"max-age=31536000; includeSubdomains; preload","x-frame-options":"deny","x-content-type-options":"nosniff","x-xss-protection":"1; mode=block","referrer-policy":"origin-when-cross-origin, strict-origin-when-cross-origin","expect-ct":"max-age=2592000, report-uri=\"https://api.github.com/_private/browser/errors\"","content-security-policy":"default-src 'none'; base-uri 'self'; block-all-mixed-content; connect-src 'self' uploads.github.com www.githubstatus.com collector.githubapp.com api.github.com github-cloud.s3.amazonaws.com github-production-repository-file-5c1aeb.s3.amazonaws.com github-production-upload-manifest-file-7fdce7.s3.amazonaws.com github-production-user-asset-6210df.s3.amazonaws.com cdn.optimizely.com logx.optimizely.com/v1/events wss://alive.github.com; font-src github.githubassets.com; form-action 'self' github.com gist.github.com; frame-ancestors 'none'; frame-src render.githubusercontent.com; img-src 'self' data: github.githubassets.com identicons.github.com collector.githubapp.com github-cloud.s3.amazonaws.com user-images.githubusercontent.com/ *.githubusercontent.com; manifest-src 'self'; media-src 'none'; script-src github.githubassets.com; style-src 'unsafe-inline' github.githubassets.com; worker-src github.com/socket-worker-5029ae85.js gist.github.com/socket-worker-5029ae85.js","x-github-request-id":"CDDE:BA76:5FEA4F:6F1367:602D0C4B","transfer-encoding":"chunked"}
[debug] [2021-02-17T12:30:03.641Z] >>> [apiv2][query] GET https://api.github.com/user [none]
[debug] [2021-02-17T12:30:03.878Z] <<< [apiv2][status] GET https://api.github.com/user 200
[debug] [2021-02-17T12:30:03.878Z] <<< [apiv2][body] GET https://api.github.com/user {"login":"Teodor25","id":56150163,"node_id":"MDQ6VXNlcjU2MTUwMTYz","avatar_url":"https://avatars.githubusercontent.com/u/56150163?v=4","gravatar_id":"","url":"https://api.github.com/users/Teodor25","html_url":"https://github.com/Teodor25","followers_url":"https://api.github.com/users/Teodor25/followers","following_url":"https://api.github.com/users/Teodor25/following{/other_user}","gists_url":"https://api.github.com/users/Teodor25/gists{/gist_id}","starred_url":"https://api.github.com/users/Teodor25/starred{/owner}{/repo}","subscriptions_url":"https://api.github.com/users/Teodor25/subscriptions","organizations_url":"https://api.github.com/users/Teodor25/orgs","repos_url":"https://api.github.com/users/Teodor25/repos","events_url":"https://api.github.com/users/Teodor25/events{/privacy}","received_events_url":"https://api.github.com/users/Teodor25/received_events","type":"User","site_admin":false,"name":"Teodor_jonasson","company":"Treecreate.dk","blog":"Treecreate.dk","location":"Copenhagen","email":null,"hireable":true,"bio":"Ambitious and determined to gain the skills needed to be the best in my field. Challenges motivate me and I’m driven to continuously produce the best results. ","twitter_username":null,"public_repos":4,"public_gists":0,"followers":0,"following":0,"created_at":"2019-10-04T07:18:00Z","updated_at":"2021-02-17T12:29:59Z","private_gists":0,"total_private_repos":0,"owned_private_repos":0,"disk_usage":457,"collaborators":0,"two_factor_authentication":false,"plan":{"name":"pro","space":976562499,"collaborators":0,"private_repos":9999}}
[info] 
[info] ✔  Success! Logged into GitHub as Teodor25 
[info] 
